<?xml version="1.0" encoding="UTF-8"?>
<testng-results ignored="0" total="1" passed="1" failed="0" skipped="0">
  <reporter-output>
  </reporter-output>
  <suite started-at="2022-05-29T23:23:22 IST" name="Default suite" finished-at="2022-05-29T23:23:44 IST" duration-ms="22729">
    <groups>
    </groups>
    <test started-at="2022-05-29T23:23:22 IST" name="Default test" finished-at="2022-05-29T23:23:44 IST" duration-ms="22729">
      <class name="Sauce_demo_testclass.saucedemo_TC01_loginfunction">
        <test-method is-config="true" signature="beforeclass()[pri:0, instance:Sauce_demo_testclass.saucedemo_TC01_loginfunction@7714e963]" started-at="2022-05-29T23:23:22 IST" name="beforeclass" finished-at="2022-05-29T23:23:30 IST" duration-ms="8338" status="PASS">
          <reporter-output>
          </reporter-output>
        </test-method> <!-- beforeclass -->
        <test-method is-config="true" signature="setup()[pri:0, instance:Sauce_demo_testclass.saucedemo_TC01_loginfunction@7714e963]" started-at="2022-05-29T23:23:30 IST" name="setup" finished-at="2022-05-29T23:23:32 IST" duration-ms="2405" status="PASS">
          <reporter-output>
          </reporter-output>
        </test-method> <!-- setup -->
        <test-method signature="Test_loginfunction()[pri:0, instance:Sauce_demo_testclass.saucedemo_TC01_loginfunction@7714e963]" started-at="2022-05-29T23:23:32 IST" name="Test_loginfunction" finished-at="2022-05-29T23:23:33 IST" duration-ms="254" status="PASS">
          <reporter-output>
          </reporter-output>
        </test-method> <!-- Test_loginfunction -->
        <test-method is-config="true" signature="teardown()[pri:0, instance:Sauce_demo_testclass.saucedemo_TC01_loginfunction@7714e963]" started-at="2022-05-29T23:23:33 IST" name="teardown" finished-at="2022-05-29T23:23:42 IST" duration-ms="9585" status="PASS">
          <reporter-output>
          </reporter-output>
        </test-method> <!-- teardown -->
        <test-method is-config="true" signature="afterclass()[pri:0, instance:Sauce_demo_testclass.saucedemo_TC01_loginfunction@7714e963]" started-at="2022-05-29T23:23:42 IST" name="afterclass" finished-at="2022-05-29T23:23:44 IST" duration-ms="2104" status="PASS">
          <reporter-output>
          </reporter-output>
        </test-method> <!-- afterclass -->
      </class> <!-- Sauce_demo_testclass.saucedemo_TC01_loginfunction -->
    </test> <!-- Default test -->
  </suite> <!-- Default suite -->
</testng-results>
